  ConcurrentServer.cpp
F:\Прога\2 курс\2_сем\Шиман\Lab08-10\ConcurrentServer\ConcurrentServer\ConcurrentServer.cpp(72,3): warning C4996: 'strcpy': This function or variable may be unsafe. Consider using strcpy_s instead. To disable deprecation, use _CRT_SECURE_NO_WARNINGS. See online help for details.
F:\Прога\2 курс\2_сем\Шиман\Lab08-10\ConcurrentServer\ConcurrentServer\ConcurrentServer.cpp(79,3): warning C4996: 'strcpy': This function or variable may be unsafe. Consider using strcpy_s instead. To disable deprecation, use _CRT_SECURE_NO_WARNINGS. See online help for details.
F:\Прога\2 курс\2_сем\Шиман\Lab08-10\ConcurrentServer\ConcurrentServer\ConcurrentServer.cpp(171,11): warning C4477: "printf": в строке форматирования "%d" требуется аргумент типа "int", но вариативный аргумент "1" имеет тип "unsigned __int64"
F:\Прога\2 курс\2_сем\Шиман\Lab08-10\ConcurrentServer\ConcurrentServer\ConcurrentServer.cpp(171,11): message : рекомендуется использовать "%zd" в строке форматирования
F:\Прога\2 курс\2_сем\Шиман\Lab08-10\ConcurrentServer\ConcurrentServer\ConcurrentServer.cpp(183,11): warning C4477: "printf": в строке форматирования "%d" требуется аргумент типа "int", но вариативный аргумент "1" имеет тип "unsigned __int64"
F:\Прога\2 курс\2_сем\Шиман\Lab08-10\ConcurrentServer\ConcurrentServer\ConcurrentServer.cpp(183,11): message : рекомендуется использовать "%zd" в строке форматирования
F:\Прога\2 курс\2_сем\Шиман\Lab08-10\ConcurrentServer\ConcurrentServer\ConcurrentServer.cpp(291,1): warning C4477: "sprintf": в строке форматирования "%d" требуется аргумент типа "int", но вариативный аргумент "4" имеет тип "unsigned __int64"
F:\Прога\2 курс\2_сем\Шиман\Lab08-10\ConcurrentServer\ConcurrentServer\ConcurrentServer.cpp(291,1): message : рекомендуется использовать "%zd" в строке форматирования
F:\Прога\2 курс\2_сем\Шиман\Lab08-10\ConcurrentServer\ConcurrentServer\ConcurrentServer.cpp(300,61): warning C4267: аргумент: преобразование из "size_t" в "DWORD"; возможна потеря данных
F:\Прога\2 курс\2_сем\Шиман\Lab08-10\ConcurrentServer\ConcurrentServer\ConcurrentServer.cpp(253,3): warning C4996: 'sprintf': This function or variable may be unsafe. Consider using sprintf_s instead. To disable deprecation, use _CRT_SECURE_NO_WARNINGS. See online help for details.
F:\Прога\2 курс\2_сем\Шиман\Lab08-10\ConcurrentServer\ConcurrentServer\ConcurrentServer.cpp(290,6): warning C4996: 'sprintf': This function or variable may be unsafe. Consider using sprintf_s instead. To disable deprecation, use _CRT_SECURE_NO_WARNINGS. See online help for details.
F:\Прога\2 курс\2_сем\Шиман\Lab08-10\ConcurrentServer\ConcurrentServer\ConcurrentServer.cpp(337,32): warning C4267: =: преобразование из "size_t" в "int"; возможна потеря данных
F:\Прога\2 курс\2_сем\Шиман\Lab08-10\ConcurrentServer\ConcurrentServer\ConcurrentServer.cpp(352,57): warning C4267: аргумент: преобразование из "size_t" в "int"; возможна потеря данных
F:\Прога\2 курс\2_сем\Шиман\Lab08-10\ConcurrentServer\ConcurrentServer\ConcurrentServer.cpp(386): warning C4267: аргумент: преобразование из "size_t" в "int"; возможна потеря данных
F:\Прога\2 курс\2_сем\Шиман\Lab08-10\ConcurrentServer\ConcurrentServer\ConcurrentServer.cpp(393): warning C4267: аргумент: преобразование из "size_t" в "int"; возможна потеря данных
F:\Прога\2 курс\2_сем\Шиман\Lab08-10\ConcurrentServer\ConcurrentServer\ConcurrentServer.cpp(383,6): warning C4996: 'strcpy': This function or variable may be unsafe. Consider using strcpy_s instead. To disable deprecation, use _CRT_SECURE_NO_WARNINGS. See online help for details.
F:\Прога\2 курс\2_сем\Шиман\Lab08-10\ConcurrentServer\ConcurrentServer\ConcurrentServer.cpp(482,102): warning C4996: 'inet_ntoa': Use inet_ntop() or InetNtop() instead or define _WINSOCK_DEPRECATED_NO_WARNINGS to disable deprecated API warnings
F:\Прога\2 курс\2_сем\Шиман\Lab08-10\ConcurrentServer\ConcurrentServer\ConcurrentServer.cpp(506,3): warning C4996: 'strcpy': This function or variable may be unsafe. Consider using strcpy_s instead. To disable deprecation, use _CRT_SECURE_NO_WARNINGS. See online help for details.
F:\Прога\2 курс\2_сем\Шиман\Lab08-10\ConcurrentServer\ConcurrentServer\ConcurrentServer.cpp(510,3): warning C4996: 'strcpy': This function or variable may be unsafe. Consider using strcpy_s instead. To disable deprecation, use _CRT_SECURE_NO_WARNINGS. See online help for details.
F:\Прога\2 курс\2_сем\Шиман\Lab08-10\ConcurrentServer\ConcurrentServer\ConcurrentServer.cpp(511,3): warning C4996: 'strcpy': This function or variable may be unsafe. Consider using strcpy_s instead. To disable deprecation, use _CRT_SECURE_NO_WARNINGS. See online help for details.
F:\Прога\2 курс\2_сем\Шиман\Lab08-10\ConcurrentServer\ConcurrentServer\ConcurrentServer.cpp(515,3): warning C4996: 'strcpy': This function or variable may be unsafe. Consider using strcpy_s instead. To disable deprecation, use _CRT_SECURE_NO_WARNINGS. See online help for details.
F:\Прога\2 курс\2_сем\Шиман\Lab08-10\ConcurrentServer\ConcurrentServer\ConcurrentServer.cpp(516,3): warning C4996: 'strcpy': This function or variable may be unsafe. Consider using strcpy_s instead. To disable deprecation, use _CRT_SECURE_NO_WARNINGS. See online help for details.
F:\Прога\2 курс\2_сем\Шиман\Lab08-10\ConcurrentServer\ConcurrentServer\ConcurrentServer.cpp(233): warning C4715: set_param: значение возвращается не при всех путях выполнения
  ConcurrentServer.vcxproj -> F:\Прога\2 курс\2_сем\Шиман\Lab08-10\ConcurrentServer\x64\Debug\ConcurrentServer.exe
